{"numFailedTestSuites":0,"numFailedTests":0,"numPassedTestSuites":1,"numPassedTests":1,"numPendingTestSuites":0,"numPendingTests":0,"numRuntimeErrorTestSuites":0,"numTodoTests":0,"numTotalTestSuites":1,"numTotalTests":1,"openHandles":[],"snapshot":{"added":0,"didUpdate":false,"failure":false,"filesAdded":0,"filesRemoved":0,"filesUnmatched":0,"filesUpdated":0,"matched":0,"total":0,"unchecked":0,"uncheckedKeysByFile":[],"unmatched":0,"updated":0},"startTime":1560450846658,"success":true,"testResults":[{"assertionResults":[{"ancestorTitles":[],"failureMessages":[],"fullName":"Mounts","location":null,"status":"passed","title":"Mounts"}],"endTime":1560450848914,"message":"","name":"/home/DAITAN/lortiz/workspace/sms-sdk-toolbox-ui/src/components/base/Button/__tests__/spec.js","startTime":1560450847547,"status":"passed","summary":""}],"wasInterrupted":false}