{"numFailedTestSuites":0,"numFailedTests":0,"numPassedTestSuites":1,"numPassedTests":1,"numPendingTestSuites":0,"numPendingTests":0,"numRuntimeErrorTestSuites":0,"numTodoTests":0,"numTotalTestSuites":1,"numTotalTests":1,"openHandles":[],"snapshot":{"added":0,"didUpdate":false,"failure":false,"filesAdded":0,"filesRemoved":0,"filesUnmatched":0,"filesUpdated":0,"matched":0,"total":0,"unchecked":0,"uncheckedKeysByFile":[],"unmatched":0,"updated":0},"startTime":1560455181983,"success":true,"testResults":[{"assertionResults":[{"ancestorTitles":[],"failureMessages":[],"fullName":"Should mount","location":null,"status":"passed","title":"Should mount"}],"endTime":1560455183500,"message":"","name":"/home/DAITAN/lortiz/workspace/sms-sdk-toolbox-ui/src/components/base/InputField/__tests__/spec.js","startTime":1560455182482,"status":"passed","summary":""}],"wasInterrupted":false}